  % Total    % Received % Xferd  Average Speed   Time    Time     Time  Current
                                 Dload  Upload   Total   Spent    Left  Speed
  0     0    0     0    0     0      0      0 --:--:-- --:--:-- --:--:--     0*   Trying 3.144.208.5:80...
* Connected to ec2-3-144-208-5.us-east-2.compute.amazonaws.com (3.144.208.5) port 80 (#0)
> GET / HTTP/1.1
> Host: ec2-3-144-208-5.us-east-2.compute.amazonaws.com
> User-Agent: curl/7.88.1
> Accept: */*
> Cookie: login=eyJ1c2VybmFtZSI6ImF3ZGVvcmlvIn0.ZSoKrA.0pBor_7GS0K3M9OeV4uPgd-i8uc
> 
< HTTP/1.1 200 OK
< Server: nginx/1.18.0 (Ubuntu)
< Date: Sat, 14 Oct 2023 03:30:00 GMT
< Content-Type: text/html; charset=utf-8
< Content-Length: 947
< Connection: keep-alive
< Vary: Cookie
< 
{ [947 bytes data]
100   947  100   947    0     0  12045      0 --:--:-- --:--:-- --:--:-- 13152
* Connection #0 to host ec2-3-144-208-5.us-east-2.compute.amazonaws.com left intact
