  % Total    % Received % Xferd  Average Speed   Time    Time     Time  Current
                                 Dload  Upload   Total   Spent    Left  Speed
  0     0    0     0    0     0      0      0 --:--:-- --:--:-- --:--:--     0*   Trying 3.144.208.5:80...
* Connected to ec2-3-144-208-5.us-east-2.compute.amazonaws.com (3.144.208.5) port 80 (#0)
> GET /static/js/bundle.js HTTP/1.1
> Host: ec2-3-144-208-5.us-east-2.compute.amazonaws.com
> User-Agent: curl/7.88.1
> Accept: */*
> Cookie: login=eyJ1c2VybmFtZSI6ImF3ZGVvcmlvIn0.ZSoKrA.0pBor_7GS0K3M9OeV4uPgd-i8uc
> 
< HTTP/1.1 200 OK
< Server: nginx/1.18.0 (Ubuntu)
< Date: Sat, 14 Oct 2023 03:30:26 GMT
< Content-Type: application/javascript; charset=utf-8
< Content-Length: 693965
< Connection: keep-alive
< Content-Disposition: inline; filename=bundle.js
< Last-Modified: Sat, 14 Oct 2023 03:07:07 GMT
< Cache-Control: no-cache
< ETag: "1697252827.767514-693965-3954186017"
< 
{ [14127 bytes data]
100  677k  100  677k    0     0  2344k      0 --:--:-- --:--:-- --:--:-- 2403k
* Connection #0 to host ec2-3-144-208-5.us-east-2.compute.amazonaws.com left intact
